;  LST file generated by mikroListExporter - v.2.0 
; Date/Time: 5/17/2022 12:33:21 PM
;----------------------------------------------

;Address Opcode 	ASM
0x0000	0x2803      	GOTO       3
_main:
;_new.c,1 :: 		void main() {
;_new.c,3 :: 		int ssDev[10] = {0X7E, 0X06, 0X6D, 0X79, 0X33, 0X5B, 0X5F, 0X70, 0X7F, 0X7B};
0x0003	0x307E      	MOVLW      126
0x0004	0x1283      	BCF        STATUS, 5
0x0005	0x008E      	MOVWF      main_ssDev_L0
0x0006	0x3000      	MOVLW      0
0x0007	0x008F      	MOVWF      main_ssDev_L0+1
0x0008	0x3006      	MOVLW      6
0x0009	0x0090      	MOVWF      main_ssDev_L0+2
0x000A	0x3000      	MOVLW      0
0x000B	0x0091      	MOVWF      main_ssDev_L0+3
0x000C	0x306D      	MOVLW      109
0x000D	0x0092      	MOVWF      main_ssDev_L0+4
0x000E	0x3000      	MOVLW      0
0x000F	0x0093      	MOVWF      main_ssDev_L0+5
0x0010	0x3079      	MOVLW      121
0x0011	0x0094      	MOVWF      main_ssDev_L0+6
0x0012	0x3000      	MOVLW      0
0x0013	0x0095      	MOVWF      main_ssDev_L0+7
0x0014	0x3033      	MOVLW      51
0x0015	0x0096      	MOVWF      main_ssDev_L0+8
0x0016	0x3000      	MOVLW      0
0x0017	0x0097      	MOVWF      main_ssDev_L0+9
0x0018	0x305B      	MOVLW      91
0x0019	0x0098      	MOVWF      main_ssDev_L0+10
0x001A	0x3000      	MOVLW      0
0x001B	0x0099      	MOVWF      main_ssDev_L0+11
0x001C	0x305F      	MOVLW      95
0x001D	0x009A      	MOVWF      main_ssDev_L0+12
0x001E	0x3000      	MOVLW      0
0x001F	0x009B      	MOVWF      main_ssDev_L0+13
0x0020	0x3070      	MOVLW      112
0x0021	0x009C      	MOVWF      main_ssDev_L0+14
0x0022	0x3000      	MOVLW      0
0x0023	0x009D      	MOVWF      main_ssDev_L0+15
0x0024	0x307F      	MOVLW      127
0x0025	0x009E      	MOVWF      main_ssDev_L0+16
0x0026	0x3000      	MOVLW      0
0x0027	0x009F      	MOVWF      main_ssDev_L0+17
0x0028	0x307B      	MOVLW      123
0x0029	0x00A0      	MOVWF      main_ssDev_L0+18
0x002A	0x3000      	MOVLW      0
0x002B	0x00A1      	MOVWF      main_ssDev_L0+19
;_new.c,4 :: 		TRISB = 0X00;
0x002C	0x1683      	BSF        STATUS, 5
0x002D	0x0186      	CLRF       TRISB
;_new.c,5 :: 		PORTB = 0X00;
0x002E	0x1283      	BCF        STATUS, 5
0x002F	0x0186      	CLRF       PORTB
;_new.c,6 :: 		while(1){
L_main0:
;_new.c,8 :: 		i =0;
0x0030	0x01C3      	CLRF       R3
0x0031	0x01C4      	CLRF       R3+1
;_new.c,9 :: 		while(i < 10){
L_main2:
0x0032	0x3080      	MOVLW      128
0x0033	0x0644      	XORWF      R3+1, 0
0x0034	0x00C0      	MOVWF      R0
0x0035	0x3080      	MOVLW      128
0x0036	0x0240      	SUBWF      R0, 0
0x0037	0x1D03      	BTFSS      STATUS, 2
0x0038	0x283B      	GOTO       L__main6
0x0039	0x300A      	MOVLW      10
0x003A	0x0243      	SUBWF      R3, 0
L__main6:
0x003B	0x1803      	BTFSC      STATUS, 0
0x003C	0x2859      	GOTO       L_main3
;_new.c,10 :: 		PORTB = ssDev[i];
0x003D	0x0843      	MOVF       R3, 0
0x003E	0x00C0      	MOVWF      R0
0x003F	0x0844      	MOVF       R3+1, 0
0x0040	0x00C1      	MOVWF      R0+1
0x0041	0x0DC0      	RLF        R0, 1
0x0042	0x0DC1      	RLF        R0+1, 1
0x0043	0x1040      	BCF        R0, 0
0x0044	0x0840      	MOVF       R0, 0
0x0045	0x3E0E      	ADDLW      main_ssDev_L0
0x0046	0x0084      	MOVWF      FSR
0x0047	0x0800      	MOVF       INDF, 0
0x0048	0x0086      	MOVWF      PORTB
;_new.c,11 :: 		Delay_ms(10000);
0x0049	0x3066      	MOVLW      102
0x004A	0x00CB      	MOVWF      R11
0x004B	0x3076      	MOVLW      118
0x004C	0x00CC      	MOVWF      R12
0x004D	0x30C1      	MOVLW      193
0x004E	0x00CD      	MOVWF      R13
L_main4:
0x004F	0x0BCD      	DECFSZ     R13, 1
0x0050	0x284F      	GOTO       L_main4
0x0051	0x0BCC      	DECFSZ     R12, 1
0x0052	0x284F      	GOTO       L_main4
0x0053	0x0BCB      	DECFSZ     R11, 1
0x0054	0x284F      	GOTO       L_main4
;_new.c,12 :: 		i++;
0x0055	0x0AC3      	INCF       R3, 1
0x0056	0x1903      	BTFSC      STATUS, 2
0x0057	0x0AC4      	INCF       R3+1, 1
;_new.c,13 :: 		}
0x0058	0x2832      	GOTO       L_main2
L_main3:
;_new.c,14 :: 		}
0x0059	0x2830      	GOTO       L_main0
;_new.c,15 :: 		}
L_end_main:
0x005A	0x285A      	GOTO       $+0
; end of _main
Symbol List:
//** Routines locations **
//ADDRESS    SIZE    PROCEDURE
//----------------------------------------------
0x0003      [88]    _main
//** Variables locations ** 
//ADDRESS    SIZE    VARIABLE
//----------------------------------------------
0x0000       [1]    INDF
0x0003       [1]    STATUS
0x0004       [1]    FSR
0x0006       [1]    PORTB
0x000A       [1]    PCLATH
0x000C       [2]    ___DoICPAddr
0x000E      [20]    main_ssDev_L0
0x0040       [1]    R0
0x0041       [1]    R1
0x0042       [1]    R2
0x0043       [1]    R3
0x0044       [1]    R4
0x0045       [1]    R5
0x0046       [1]    R6
0x0047       [1]    R7
0x0048       [1]    R8
0x0049       [1]    R9
0x004A       [1]    R10
0x004B       [1]    R11
0x004C       [1]    R12
0x004D       [1]    R13
0x004E       [1]    R14
0x004F       [1]    R15
0x0086       [1]    TRISB
